<?xml version="1.0" encoding="UTF-8"?>
<!-- Generated by org.testng.reporters.JUnitReportReporter -->
<testsuite hostname="DESKTOP-493EAAE" failures="0" tests="1" name="testingbaba.Testingbaba_radio_test" time="3.911" errors="0" timestamp="2022-04-10T20:29:09 IST" skipped="0">
  <testcase classname="testingbaba.Testingbaba_radio_test" name="RadioButtonTestingBaba_test01" time="3.911"/>
  <system-out>
    <![CDATA[Testcase RadioButtonTestingBaba_test01 started successfully
Testcase RadioButtonTestingBaba_test01 passed successfully]]>
  </system-out>
</testsuite> <!-- testingbaba.Testingbaba_radio_test -->
