<?xml version="1.0" encoding="UTF-8"?>
<!-- Generated by org.testng.reporters.JUnitReportReporter -->
<testsuite hostname="DESKTOP-493EAAE" failures="0" tests="2" name="testingbaba.Testingbaba_upload_test" time="5.860" errors="0" timestamp="2022-04-14T12:27:24 IST" skipped="0">
  <testcase classname="testingbaba.Testingbaba_upload_test" name="UploadFileTestingBaba_test01" time="0.126"/>
  <system-out/>
  <testcase classname="testingbaba.Testingbaba_upload_test" name="UploadFileTestingBaba_test02" time="5.734"/>
  <system-out/>
</testsuite> <!-- testingbaba.Testingbaba_upload_test -->
