<?xml version="1.0" encoding="UTF-8"?>
<!-- Generated by org.testng.reporters.JUnitReportReporter -->
<testsuite hostname="DESKTOP-493EAAE" failures="0" tests="1" name="jenkins.Jenkins_launch_test" time="7.137" errors="0" timestamp="2022-04-03T13:23:00 IST" skipped="0">
  <testcase classname="jenkins.Jenkins_launch_test" name="LaunchTestingBaba_test01" time="7.137"/>
  <system-out/>
</testsuite> <!-- jenkins.Jenkins_launch_test -->
