<?xml version="1.0" encoding="UTF-8"?>
<!-- Generated by org.testng.reporters.JUnitReportReporter -->
<testsuite hostname="DESKTOP-GN8H4QN" failures="0" tests="1" name="makemytrip.Makemytrip_Flightsearch_test" time="5.891" errors="0" timestamp="2022-04-17T12:58:24 IST" skipped="0">
  <testcase classname="makemytrip.Makemytrip_Flightsearch_test" name="SearchFlightToday" time="5.891"/>
  <system-out>
    <![CDATA[Testcase SearchFlightToday started successfully
Testcase SearchFlightToday passed successfully]]>
  </system-out>
</testsuite> <!-- makemytrip.Makemytrip_Flightsearch_test -->
