<?xml version="1.0" encoding="UTF-8"?>
<!-- Generated by org.testng.reporters.JUnitReportReporter -->
<testsuite hostname="DESKTOP-493EAAE" failures="0" tests="4" name="testingbaba.Testingbaba_autocomplete_test" time="0.014" errors="1" timestamp="2022-04-14T20:05:41 IST" skipped="3">
  <testcase classname="testingbaba.Testingbaba_autocomplete_test" name="AutocompleteTestingBaba_test01" time="0.000">
    <skipped/>
  </testcase> <!-- AutocompleteTestingBaba_test01 -->
  <system-out>
    <![CDATA[Testcase AutocompleteTestingBaba_test01 got skipped
Testcase AutocompleteTestingBaba_test02 started successfully]]>
  </system-out>
  <testcase classname="testingbaba.Testingbaba_autocomplete_test" name="launchtestingbaba" time="0.014">
    <error message="Cannot invoke &quot;String.equalsIgnoreCase(String)&quot; because &quot;this.browser&quot; is null" type="java.lang.NullPointerException">
      <![CDATA[java.lang.NullPointerException: Cannot invoke "String.equalsIgnoreCase(String)" because "this.browser" is null
at baselibrary.Baselibrary.getlaunch(Baselibrary.java:88)
at testingbaba.Testingbaba_autocomplete_test.launchtestingbaba(Testingbaba_autocomplete_test.java:19)
at java.base/jdk.internal.reflect.NativeMethodAccessorImpl.invoke0(Native Method)
at java.base/jdk.internal.reflect.NativeMethodAccessorImpl.invoke(NativeMethodAccessorImpl.java:77)
at java.base/jdk.internal.reflect.DelegatingMethodAccessorImpl.invoke(DelegatingMethodAccessorImpl.java:43)
at java.base/java.lang.reflect.Method.invoke(Method.java:568)
at org.testng.internal.MethodInvocationHelper.invokeMethod(MethodInvocationHelper.java:133)
at org.testng.internal.MethodInvocationHelper.invokeMethodConsideringTimeout(MethodInvocationHelper.java:62)
at org.testng.internal.ConfigInvoker.invokeConfigurationMethod(ConfigInvoker.java:385)
at org.testng.internal.ConfigInvoker.invokeConfigurations(ConfigInvoker.java:321)
at org.testng.TestRunner.invokeTestConfigurations(TestRunner.java:637)
at org.testng.TestRunner.beforeRun(TestRunner.java:627)
at org.testng.TestRunner.run(TestRunner.java:589)
at org.testng.SuiteRunner.runTest(SuiteRunner.java:377)
at org.testng.SuiteRunner.runSequentially(SuiteRunner.java:371)
at org.testng.SuiteRunner.privateRun(SuiteRunner.java:332)
at org.testng.SuiteRunner.run(SuiteRunner.java:276)
at org.testng.SuiteRunnerWorker.runSuite(SuiteRunnerWorker.java:53)
at org.testng.SuiteRunnerWorker.run(SuiteRunnerWorker.java:96)
at org.testng.TestNG.runSuitesSequentially(TestNG.java:1212)
at org.testng.TestNG.runSuitesLocally(TestNG.java:1134)
at org.testng.TestNG.runSuites(TestNG.java:1063)
at org.testng.TestNG.run(TestNG.java:1031)
at org.testng.remote.AbstractRemoteTestNG.run(AbstractRemoteTestNG.java:115)
at org.testng.remote.RemoteTestNG.initAndRun(RemoteTestNG.java:251)
at org.testng.remote.RemoteTestNG.main(RemoteTestNG.java:77)
]]>
    </error>
  </testcase> <!-- launchtestingbaba -->
  <system-out/>
  <testcase classname="testingbaba.Testingbaba_autocomplete_test" name="AutocompleteTestingBaba_test02" time="0.000">
    <skipped/>
  </testcase> <!-- AutocompleteTestingBaba_test02 -->
  <system-out>
    <![CDATA[Testcase AutocompleteTestingBaba_test02 got skipped
Testcase AutocompleteTestingBaba_test03 started successfully]]>
  </system-out>
  <testcase classname="testingbaba.Testingbaba_autocomplete_test" name="AutocompleteTestingBaba_test03" time="0.000">
    <skipped/>
  </testcase> <!-- AutocompleteTestingBaba_test03 -->
  <system-out>
    <![CDATA[Testcase AutocompleteTestingBaba_test03 got skipped
About to end executing Class autocomplete]]>
  </system-out>
</testsuite> <!-- testingbaba.Testingbaba_autocomplete_test -->
