<?xml version="1.0" encoding="UTF-8"?>
<!-- Generated by org.testng.reporters.JUnitReportReporter -->
<testsuite hostname="IN-122P5Y2" failures="0" tests="3" name="makemytrip.Makemytrip_launch_test" time="3.785" errors="1" timestamp="2022-04-17T10:21:30 IST" skipped="2">
  <testcase classname="makemytrip.Makemytrip_launch_test" name="MakemyTripSendValidNumber_Test01" time="0.000">
    <skipped/>
  </testcase> <!-- MakemyTripSendValidNumber_Test01 -->
  <system-out>
    <![CDATA[Testcase MakemyTripSendValidNumber_Test01 got skipped
Testcase MakemyTripSendINValidNumber_Test02 started successfully]]>
  </system-out>
  <testcase classname="makemytrip.Makemytrip_launch_test" name="launchFB" time="3.785">
    <error message="Cannot invoke &quot;org.openqa.selenium.WebDriver.get(String)&quot; because &quot;makemytrip.Makemytrip_launch_test.driver&quot; is null" type="java.lang.NullPointerException">
      <![CDATA[java.lang.NullPointerException: Cannot invoke "org.openqa.selenium.WebDriver.get(String)" because "makemytrip.Makemytrip_launch_test.driver" is null
at makemytrip.Makemytrip_launch_test.launchFB(Makemytrip_launch_test.java:36)
at java.base/jdk.internal.reflect.NativeMethodAccessorImpl.invoke0(Native Method)
at java.base/jdk.internal.reflect.NativeMethodAccessorImpl.invoke(NativeMethodAccessorImpl.java:77)
at java.base/jdk.internal.reflect.DelegatingMethodAccessorImpl.invoke(DelegatingMethodAccessorImpl.java:43)
at java.base/java.lang.reflect.Method.invoke(Method.java:568)
at org.testng.internal.MethodInvocationHelper.invokeMethod(MethodInvocationHelper.java:133)
at org.testng.internal.MethodInvocationHelper.invokeMethodConsideringTimeout(MethodInvocationHelper.java:62)
at org.testng.internal.ConfigInvoker.invokeConfigurationMethod(ConfigInvoker.java:385)
at org.testng.internal.ConfigInvoker.invokeConfigurations(ConfigInvoker.java:321)
at org.testng.TestRunner.invokeTestConfigurations(TestRunner.java:637)
at org.testng.TestRunner.beforeRun(TestRunner.java:627)
at org.testng.TestRunner.run(TestRunner.java:589)
at org.testng.SuiteRunner.runTest(SuiteRunner.java:377)
at org.testng.SuiteRunner.runSequentially(SuiteRunner.java:371)
at org.testng.SuiteRunner.privateRun(SuiteRunner.java:332)
at org.testng.SuiteRunner.run(SuiteRunner.java:276)
at org.testng.SuiteRunnerWorker.runSuite(SuiteRunnerWorker.java:53)
at org.testng.SuiteRunnerWorker.run(SuiteRunnerWorker.java:96)
at org.testng.TestNG.runSuitesSequentially(TestNG.java:1212)
at org.testng.TestNG.runSuitesLocally(TestNG.java:1134)
at org.testng.TestNG.runSuites(TestNG.java:1063)
at org.testng.TestNG.run(TestNG.java:1031)
at org.testng.remote.AbstractRemoteTestNG.run(AbstractRemoteTestNG.java:115)
at org.testng.remote.RemoteTestNG.initAndRun(RemoteTestNG.java:251)
at org.testng.remote.RemoteTestNG.main(RemoteTestNG.java:77)
]]>
    </error>
  </testcase> <!-- launchFB -->
  <system-out/>
  <testcase classname="makemytrip.Makemytrip_launch_test" name="MakemyTripSendINValidNumber_Test02" time="0.000">
    <skipped/>
  </testcase> <!-- MakemyTripSendINValidNumber_Test02 -->
  <system-out>
    <![CDATA[Testcase MakemyTripSendINValidNumber_Test02 got skipped
About to end executing Class autocomplete]]>
  </system-out>
</testsuite> <!-- makemytrip.Makemytrip_launch_test -->
