<?xml version="1.0" encoding="UTF-8"?>
<!-- Generated by org.testng.reporters.JUnitReportReporter -->
<testsuite hostname="DESKTOP-493EAAE" failures="0" tests="1" name="flipkart.Flipkart_buyproduct_test" time="3.059" errors="0" timestamp="2022-04-14T10:18:54 IST" skipped="0">
  <testcase classname="flipkart.Flipkart_buyproduct_test" name="FlipkartLoginInvalidCred_Test01" time="3.059"/>
  <system-out/>
</testsuite> <!-- flipkart.Flipkart_buyproduct_test -->
