<?xml version="1.0" encoding="UTF-8"?>
<!-- Generated by org.testng.reporters.JUnitReportReporter -->
<testsuite hostname="DESKTOP-GN8H4QN" failures="0" tests="1" name="testingbaba.Testingbaba_radio_test" time="6.339" errors="0" timestamp="2022-04-17T12:58:24 IST" skipped="0">
  <testcase classname="testingbaba.Testingbaba_radio_test" name="RadioButtonTestingBaba_test01" time="6.339"/>
  <system-out>
    <![CDATA[Testcase RadioButtonTestingBaba_test01 started successfully
Testcase RadioButtonTestingBaba_test01 passed successfully]]>
  </system-out>
</testsuite> <!-- testingbaba.Testingbaba_radio_test -->
