<?xml version="1.0" encoding="UTF-8"?>
<!-- Generated by org.testng.reporters.JUnitReportReporter -->
<testsuite hostname="DESKTOP-493EAAE" failures="0" tests="2" name="testingbaba.Testingbaba_mousehover_test" time="12.611" errors="0" timestamp="2022-04-14T11:33:20 IST" skipped="0">
  <testcase classname="testingbaba.Testingbaba_mousehover_test" name="MousehoverTestingBaba_test01" time="0.097"/>
  <system-out/>
  <testcase classname="testingbaba.Testingbaba_mousehover_test" name="MousehoverTestingBaba_test02" time="12.514"/>
  <system-out/>
</testsuite> <!-- testingbaba.Testingbaba_mousehover_test -->
