<?xml version="1.0" encoding="UTF-8"?>
<!-- Generated by org.testng.reporters.JUnitReportReporter -->
<testsuite hostname="DESKTOP-493EAAE" failures="0" tests="1" name="testingbaba.Testingbaba_webtables_test" time="15.187" errors="0" timestamp="2022-04-17T11:02:58 IST" skipped="0">
  <testcase classname="testingbaba.Testingbaba_webtables_test" name="WebTablesTestingBaba_test01" time="15.187"/>
  <system-out>
    <![CDATA[Testcase WebTablesTestingBaba_test01 started successfully
Testcase WebTablesTestingBaba_test01 passed successfully]]>
  </system-out>
</testsuite> <!-- testingbaba.Testingbaba_webtables_test -->
