<?xml version="1.0" encoding="UTF-8"?>
<!-- Generated by org.testng.reporters.JUnitReportReporter -->
<testsuite hostname="DESKTOP-493EAAE" failures="0" tests="1" name="testingbaba.Testingbaba_webtables_test" time="11.814" errors="0" timestamp="2022-03-30T18:42:34 IST" skipped="0">
  <testcase classname="testingbaba.Testingbaba_webtables_test" name="WebTablesTestingBaba_test01" time="11.814"/>
  <system-out/>
</testsuite> <!-- testingbaba.Testingbaba_webtables_test -->
