<?xml version="1.0" encoding="UTF-8"?>
<!-- Generated by org.testng.reporters.JUnitReportReporter -->
<testsuite hostname="DESKTOP-493EAAE" failures="0" tests="1" name="testingbaba.Testingbaba_checkbox_test" time="0.384" errors="0" timestamp="2022-04-14T07:27:31 IST" skipped="0">
  <testcase classname="testingbaba.Testingbaba_checkbox_test" name="CheckboxTestingBaba_test01" time="0.384"/>
  <system-out>
    <![CDATA[Testcase CheckboxTestingBaba_test01 started successfully
Testcase CheckboxTestingBaba_test01 passed successfully]]>
  </system-out>
</testsuite> <!-- testingbaba.Testingbaba_checkbox_test -->
