<?xml version="1.0" encoding="UTF-8"?>
<!-- Generated by org.testng.reporters.JUnitReportReporter -->
<testsuite hostname="DESKTOP-493EAAE" failures="0" tests="3" name="testingbaba.Testingbaba_autocomplete_test" time="3.682" errors="0" timestamp="2022-04-14T12:15:58 IST" skipped="0">
  <testcase classname="testingbaba.Testingbaba_autocomplete_test" name="AutocompleteTestingBaba_test01" time="0.133"/>
  <system-out/>
  <testcase classname="testingbaba.Testingbaba_autocomplete_test" name="AutocompleteTestingBaba_test02" time="1.092"/>
  <system-out/>
  <testcase classname="testingbaba.Testingbaba_autocomplete_test" name="AutocompleteTestingBaba_test03" time="2.457"/>
  <system-out/>
</testsuite> <!-- testingbaba.Testingbaba_autocomplete_test -->
