<?xml version="1.0" encoding="UTF-8"?>
<!-- Generated by org.testng.reporters.JUnitReportReporter -->
<testsuite hostname="DESKTOP-493EAAE" failures="0" tests="1" name="flipkart.Flipkart_buyproduct_test" time="3.298" errors="0" timestamp="2022-04-14T17:34:48 IST" skipped="0">
  <testcase classname="flipkart.Flipkart_buyproduct_test" name="FlipkartLoginInvalidCred_Test01" time="3.298"/>
  <system-out>
    <![CDATA[Testcase FlipkartLoginInvalidCred_Test01 started successfully
Testcase FlipkartLoginInvalidCred_Test01 passed successfully]]>
  </system-out>
</testsuite> <!-- flipkart.Flipkart_buyproduct_test -->
