<?xml version="1.0" encoding="UTF-8"?>
<!-- Generated by org.testng.reporters.JUnitReportReporter -->
<testsuite hostname="DESKTOP-GN8H4QN" failures="0" tests="3" name="testingbaba.Testingbaba_autocomplete_test" time="3.615" errors="0" timestamp="2022-04-17T12:58:24 IST" skipped="0">
  <testcase classname="testingbaba.Testingbaba_autocomplete_test" name="AutocompleteTestingBaba_test01" time="0.085"/>
  <system-out>
    <![CDATA[Testcase AutocompleteTestingBaba_test01 started successfully
Testcase AutocompleteTestingBaba_test01 passed successfully]]>
  </system-out>
  <testcase classname="testingbaba.Testingbaba_autocomplete_test" name="AutocompleteTestingBaba_test02" time="1.100"/>
  <system-out>
    <![CDATA[Testcase AutocompleteTestingBaba_test02 started successfully
Testcase AutocompleteTestingBaba_test02 passed successfully]]>
  </system-out>
  <testcase classname="testingbaba.Testingbaba_autocomplete_test" name="AutocompleteTestingBaba_test03" time="2.430"/>
  <system-out>
    <![CDATA[Testcase AutocompleteTestingBaba_test03 started successfully
Testcase AutocompleteTestingBaba_test03 passed successfully]]>
  </system-out>
</testsuite> <!-- testingbaba.Testingbaba_autocomplete_test -->
