<?xml version="1.0" encoding="UTF-8"?>
<!-- Generated by org.testng.reporters.JUnitReportReporter -->
<testsuite hostname="DESKTOP-493EAAE" failures="0" tests="2" name="makemytrip.Makemytrip_launch_test" time="15.340" errors="0" timestamp="2022-04-05T20:28:44 IST" skipped="0">
  <testcase classname="makemytrip.Makemytrip_launch_test" name="MakemyTripSendValidNumber_Test01" time="5.066"/>
  <system-out>
    <![CDATA[Testcase MakemyTripSendValidNumber_Test01 started successfully
Testcase MakemyTripSendValidNumber_Test01 passed successfully]]>
  </system-out>
  <testcase classname="makemytrip.Makemytrip_launch_test" name="MakemyTripSendINValidNumber_Test02" time="10.274"/>
  <system-out>
    <![CDATA[Testcase MakemyTripSendINValidNumber_Test02 started successfully
Testcase MakemyTripSendINValidNumber_Test02 passed successfully]]>
  </system-out>
</testsuite> <!-- makemytrip.Makemytrip_launch_test -->
